{
  "0 debug pnpm:scope": {
    "selected": 1
  },
  "1 info pnpm": {
    "err": {
      "name": "Error",
      "message": "not found: outtated",
      "code": "ENOENT",
      "stack": "Error: not found: outtated\n    at getNotFoundError (/home/sa/.nvm/versions/node/v16.13.2/pnpm-global/5/node_modules/.pnpm/pnpm@6.31.0/node_modules/pnpm/dist/pnpm.cjs:41555:51)\n    at Function.whichSync [as sync] (/home/sa/.nvm/versions/node/v16.13.2/pnpm-global/5/node_modules/.pnpm/pnpm@6.31.0/node_modules/pnpm/dist/pnpm.cjs:41632:13)\n    at getCommandAbsolutePathSync (/home/sa/.nvm/versions/node/v16.13.2/pnpm-global/5/node_modules/.pnpm/pnpm@6.31.0/node_modules/pnpm/dist/pnpm.cjs:43197:44)\n    at default_1 (/home/sa/.nvm/versions/node/v16.13.2/pnpm-global/5/node_modules/.pnpm/pnpm@6.31.0/node_modules/pnpm/dist/pnpm.cjs:43206:32)\n    at /home/sa/.nvm/versions/node/v16.13.2/pnpm-global/5/node_modules/.pnpm/pnpm@6.31.0/node_modules/pnpm/dist/pnpm.cjs:178093:39"
    }
  },
  "2 error pnpm": {
    "code": "ERR_PNPM_RECURSIVE_EXEC_FIRST_FAIL",
    "prefix": "/home/sa/Projects/ftimer",
    "err": {
      "name": "pnpm",
      "message": "not found: outtated",
      "code": "ERR_PNPM_RECURSIVE_EXEC_FIRST_FAIL",
      "stack": "Error: not found: outtated\n    at getNotFoundError (/home/sa/.nvm/versions/node/v16.13.2/pnpm-global/5/node_modules/.pnpm/pnpm@6.31.0/node_modules/pnpm/dist/pnpm.cjs:41555:51)\n    at Function.whichSync [as sync] (/home/sa/.nvm/versions/node/v16.13.2/pnpm-global/5/node_modules/.pnpm/pnpm@6.31.0/node_modules/pnpm/dist/pnpm.cjs:41632:13)\n    at getCommandAbsolutePathSync (/home/sa/.nvm/versions/node/v16.13.2/pnpm-global/5/node_modules/.pnpm/pnpm@6.31.0/node_modules/pnpm/dist/pnpm.cjs:43197:44)\n    at default_1 (/home/sa/.nvm/versions/node/v16.13.2/pnpm-global/5/node_modules/.pnpm/pnpm@6.31.0/node_modules/pnpm/dist/pnpm.cjs:43206:32)\n    at /home/sa/.nvm/versions/node/v16.13.2/pnpm-global/5/node_modules/.pnpm/pnpm@6.31.0/node_modules/pnpm/dist/pnpm.cjs:178093:39"
    }
  }
}